生成启动时间为 2016/6/21 22:36:38。
     1>项目“C:\Projects\preview_with_no_render\preview_with_no_render\preview_with_no_render.vcxproj”在节点 2 上(Build 个目标)。
     1>ClCompile:
         C:\Program Files (x86)\Microsoft Visual Studio 12.0\VC\bin\CL.exe /c /ZI /nologo /W3 /WX- /sdl /Od /Oy- /D WIN32 /D _DEBUG /D _CONSOLE /D _LIB /D _UNICODE /D UNICODE /Gm /EHsc /RTC1 /MDd /GS /fp:precise /Zc:wchar_t /Zc:forScope /Fo"Debug\\" /Fd"Debug\vc120.pdb" /Gd /TP /analyze- /errorReport:prompt camera_control.cpp
         camera_control.cpp
     1>c:\projects\preview_with_no_render\preview_with_no_render\camera_control.cpp(362): warning C4018: “<”: 有符号/无符号不匹配
     1>c:\program files (x86)\microsoft visual studio 12.0\vc\include\xutility(2045): warning C4244: “=”: 从“wchar_t”转换到“char”，可能丢失数据
                 c:\program files (x86)\microsoft visual studio 12.0\vc\include\xutility(2066): 参见对正在编译的函数 模板 实例化“_OutIt std::_Copy_impl<_InIt,_OutIt>(_InIt,_InIt,_OutIt,std::_Nonscalar_ptr_iterator_tag)”的引用
                 with
                 [
                     _OutIt=char *
         ,            _InIt=wchar_t *
                 ]
                 c:\program files (x86)\microsoft visual studio 12.0\vc\include\xutility(2097): 参见对正在编译的函数 模板 实例化“_OutIt std::_Copy_impl<_InIt,char*>(_InIt,_InIt,_OutIt)”的引用
                 with
                 [
                     _OutIt=char *
         ,            _InIt=wchar_t *
                 ]
                 c:\program files (x86)\microsoft visual studio 12.0\vc\include\xutility(2107): 参见对正在编译的函数 模板 实例化“_OutIt std::_Copy_impl<_InIt,_OutIt>(_InIt,_InIt,_OutIt,std::random_access_iterator_tag,std::random_access_iterator_tag)”的引用
                 with
                 [
                     _OutIt=std::_String_iterator<std::_String_val<std::_Simple_types<char>>>
         ,            _InIt=wchar_t *
                 ]
                 c:\program files (x86)\microsoft visual studio 12.0\vc\include\xutility(2132): 参见对正在编译的函数 模板 实例化“_OutIt std::_Copy_impl<wchar_t*,_OutIt>(_InIt,_InIt,_OutIt,std::true_type)”的引用
                 with
                 [
                     _OutIt=std::_String_iterator<std::_String_val<std::_Simple_types<char>>>
         ,            _InIt=wchar_t *
                 ]
                 c:\projects\preview_with_no_render\preview_with_no_render\camera_control.cpp(368): 参见对正在编译的函数 模板 实例化“_OutIt std::copy<std::_String_iterator<std::_String_val<std::_Simple_types<wchar_t>>>,std::_String_iterator<std::_String_val<std::_Simple_types<char>>>>(_InIt,_InIt,_OutIt)”的引用
                 with
                 [
                     _OutIt=std::_String_iterator<std::_String_val<std::_Simple_types<char>>>
         ,            _InIt=std::_String_iterator<std::_String_val<std::_Simple_types<wchar_t>>>
                 ]
       Link:
         C:\Program Files (x86)\Microsoft Visual Studio 12.0\VC\bin\link.exe /ERRORREPORT:PROMPT /OUT:"C:\Projects\preview_with_no_render\Debug\preview_with_no_render.exe" /INCREMENTAL /NOLOGO kernel32.lib user32.lib gdi32.lib winspool.lib comdlg32.lib advapi32.lib shell32.lib ole32.lib oleaut32.lib uuid.lib odbc32.lib odbccp32.lib /MANIFEST /MANIFESTUAC:"level='asInvoker' uiAccess='false'" /manifest:embed /DEBUG /PDB:"C:\Projects\preview_with_no_render\Debug\preview_with_no_render.pdb" /SUBSYSTEM:CONSOLE /TLBID:1 /DYNAMICBASE /NXCOMPAT /IMPLIB:"C:\Projects\preview_with_no_render\Debug\preview_with_no_render.lib" /MACHINE:X86 Debug\camera_control.obj
         Debug\devicelist.obj
         Debug\program_manager.obj
         Debug\Source.obj
         preview_with_no_render.vcxproj -> C:\Projects\preview_with_no_render\Debug\preview_with_no_render.exe
     1>已完成生成项目“C:\Projects\preview_with_no_render\preview_with_no_render\preview_with_no_render.vcxproj”(Build 个目标)的操作。

生成成功。

已用时间 00:00:02.04
