生成启动时间为 2016/6/21 20:58:31。
     1>项目“C:\Projects\preview_with_no_render\preview_with_no_render\preview_with_no_render.vcxproj”在节点 2 上(Build 个目标)。
     1>ClCompile:
         C:\Program Files (x86)\Microsoft Visual Studio 12.0\VC\bin\CL.exe /c /Zi /nologo /W3 /WX- /sdl /O2 /Oi /Oy- /GL /D WIN32 /D NDEBUG /D _CONSOLE /D _LIB /D _UNICODE /D UNICODE /Gm- /EHsc /MD /GS /Gy /fp:precise /Zc:wchar_t /Zc:forScope /Fo"Release\\" /Fd"Release\vc120.pdb" /Gd /TP /analyze- /errorReport:prompt camera_control.cpp
         camera_control.cpp
     1>camera_control.cpp(135): warning C4102: “done”: 未引用的标签
     1>camera_control.cpp(348): warning C4018: “<”: 有符号/无符号不匹配
     1>C:\Program Files (x86)\Microsoft Visual Studio 12.0\VC\include\xutility(2045): warning C4244: “=”: 从“wchar_t”转换到“char”，可能丢失数据
                 C:\Program Files (x86)\Microsoft Visual Studio 12.0\VC\include\xutility(2066): 参见对正在编译的函数 模板 实例化“_OutIt std::_Copy_impl<_InIt,_OutIt>(_InIt,_InIt,_OutIt,std::_Nonscalar_ptr_iterator_tag)”的引用
                 with
                 [
                     _OutIt=char *
         ,            _InIt=wchar_t *
                 ]
                 C:\Program Files (x86)\Microsoft Visual Studio 12.0\VC\include\xutility(2077): 参见对正在编译的函数 模板 实例化“_OutIt std::_Copy_impl<wchar_t*,char*>(_InIt,_InIt,_OutIt)”的引用
                 with
                 [
                     _OutIt=char *
         ,            _InIt=wchar_t *
                 ]
                 camera_control.cpp(354): 参见对正在编译的函数 模板 实例化“_OutIt std::copy<std::_String_iterator<std::_String_val<std::_Simple_types<wchar_t>>>,std::_String_iterator<std::_String_val<std::_Simple_types<char>>>>(_InIt,_InIt,_OutIt)”的引用
                 with
                 [
                     _OutIt=std::_String_iterator<std::_String_val<std::_Simple_types<char>>>
         ,            _InIt=std::_String_iterator<std::_String_val<std::_Simple_types<wchar_t>>>
                 ]
       Link:
         C:\Program Files (x86)\Microsoft Visual Studio 12.0\VC\bin\link.exe /ERRORREPORT:PROMPT /OUT:"C:\Projects\preview_with_no_render\Release\preview_with_no_render.exe" /INCREMENTAL:NO /NOLOGO kernel32.lib user32.lib gdi32.lib winspool.lib comdlg32.lib advapi32.lib shell32.lib ole32.lib oleaut32.lib uuid.lib odbc32.lib odbccp32.lib /MANIFEST /MANIFESTUAC:"level='asInvoker' uiAccess='false'" /manifest:embed /DEBUG /PDB:"C:\Projects\preview_with_no_render\Release\preview_with_no_render.pdb" /SUBSYSTEM:CONSOLE /OPT:REF /OPT:ICF /LTCG /TLBID:1 /DYNAMICBASE /NXCOMPAT /IMPLIB:"C:\Projects\preview_with_no_render\Release\preview_with_no_render.lib" /MACHINE:X86 /SAFESEH Release\camera_control.obj
         Release\devicelist.obj
         Release\program_manager.obj
         Release\Source.obj
         正在生成代码
         已完成代码的生成
         preview_with_no_render.vcxproj -> C:\Projects\preview_with_no_render\Release\preview_with_no_render.exe
     1>已完成生成项目“C:\Projects\preview_with_no_render\preview_with_no_render\preview_with_no_render.vcxproj”(Build 个目标)的操作。

生成成功。

已用时间 00:00:02.96
